<?xml version="1.0" encoding="UTF-8"?>
<!-- Generated by org.testng.reporters.JUnitReportReporter -->
<testsuite hostname="DESKTOP-2OJ8H0G" failures="0" tests="2" name="webDriverCommandd.AppleTests" time="0.051" errors="0" timestamp="2024-07-12T23:31:01 EDT" skipped="0">
  <testcase classname="webDriverCommandd.AppleTests" name="urlTest" time="0.022"/>
  <testcase classname="webDriverCommandd.AppleTests" name="titleTest" time="0.029"/>
</testsuite> <!-- webDriverCommandd.AppleTests -->
