<?xml version="1.0" encoding="UTF-8"?>
<!-- Generated by org.testng.reporters.JUnitReportReporter -->
<testsuite hostname="DESKTOP-2OJ8H0G" failures="0" tests="1" name="webDriverCommandd.OpeningClosingBrowsersAndOtherPractices" time="5.804" errors="0" timestamp="2024-07-09T23:05:43 EDT" skipped="0">
  <testcase classname="webDriverCommandd.OpeningClosingBrowsersAndOtherPractices" name="openApplication" time="5.804"/>
</testsuite> <!-- webDriverCommandd.OpeningClosingBrowsersAndOtherPractices -->
