<?xml version="1.0" encoding="UTF-8"?>
<!-- Generated by org.testng.reporters.JUnitReportReporter -->
<testsuite hostname="DESKTOP-2OJ8H0G" failures="0" tests="2" name="appleLinksTest.AppleLinks" time="10.154" errors="0" timestamp="2024-07-14T11:13:28 EDT" skipped="0">
  <testcase classname="appleLinksTest.AppleLinks" name="iphoneLinkTest" time="7.329"/>
  <testcase classname="appleLinksTest.AppleLinks" name="storeLinkTest" time="2.825"/>
</testsuite> <!-- appleLinksTest.AppleLinks -->
